c:\users\bar.benzvi\documents\github\game-3\game project\x64\debug\betaframework.pch
c:\users\bar.benzvi\documents\github\game-3\game project\x64\debug\vc141.pdb
c:\users\bar.benzvi\documents\github\game-3\game project\x64\debug\vc141.idb
c:\users\bar.benzvi\documents\github\game-3\game project\x64\debug\stdafx.obj
c:\users\bar.benzvi\documents\github\game-3\game project\x64\debug\archetypes.obj
c:\users\bar.benzvi\documents\github\game-3\game project\x64\debug\colorchange.obj
c:\users\bar.benzvi\documents\github\game-3\game project\x64\debug\enemyone.obj
c:\users\bar.benzvi\documents\github\game-3\game project\x64\debug\enemyspawner.obj
c:\users\bar.benzvi\documents\github\game-3\game project\x64\debug\gamelevel.obj
c:\users\bar.benzvi\documents\github\game-3\game project\x64\debug\health.obj
c:\users\bar.benzvi\documents\github\game-3\game project\x64\debug\level2.obj
c:\users\bar.benzvi\documents\github\game-3\game project\x64\debug\level1.obj
c:\users\bar.benzvi\documents\github\game-3\game project\x64\debug\level3.obj
c:\users\bar.benzvi\documents\github\game-3\game project\x64\debug\main.obj
c:\users\bar.benzvi\documents\github\game-3\game project\x64\debug\monkeymovement.obj
c:\users\bar.benzvi\documents\github\game-3\game project\x64\debug\playermovement.obj
c:\users\bar.benzvi\documents\github\game-3\game project\x64\debug\playership.obj
c:\users\bar.benzvi\documents\github\game-3\game project\x64\debug\screenwrap.obj
c:\users\bar.benzvi\documents\github\game-3\game project\x64\debug\timeddeath.obj
c:\users\bar.benzvi\documents\github\game-3\game project\x64\debug\betaframework.pdb
c:\users\bar.benzvi\documents\github\game-3\game project\\x64\debug\betaframework.pdb
c:\users\bar.benzvi\documents\github\game-3\game project\x64\debug\cs230lab8.tlog\cl.command.1.tlog
c:\users\bar.benzvi\documents\github\game-3\game project\x64\debug\cs230lab8.tlog\cl.read.1.tlog
c:\users\bar.benzvi\documents\github\game-3\game project\x64\debug\cs230lab8.tlog\cl.write.1.tlog
c:\users\bar.benzvi\documents\github\game-3\game project\x64\debug\cs230lab8.tlog\link.4536.read.1.tlog
c:\users\bar.benzvi\documents\github\game-3\game project\x64\debug\cs230lab8.tlog\link.4536.write.1.tlog
c:\users\bar.benzvi\documents\github\game-3\game project\x64\debug\cs230lab8.tlog\link.command.1.tlog
c:\users\bar.benzvi\documents\github\game-3\game project\x64\debug\cs230lab8.tlog\link.read.1.tlog
c:\users\bar.benzvi\documents\github\game-3\game project\x64\debug\cs230lab8.tlog\link.write.1.tlog
